[debug] [2023-07-03T12:00:34.578Z] ----------------------------------------------------------------------
[debug] [2023-07-03T12:00:34.586Z] Command:       C:\Program Files\nodejs\node.exe C:\Users\USER\AppData\Roaming\npm\node_modules\firebase-tools\lib\bin\firebase.js init
[debug] [2023-07-03T12:00:34.588Z] CLI Version:   12.4.2
[debug] [2023-07-03T12:00:34.589Z] Platform:      win32
[debug] [2023-07-03T12:00:34.590Z] Node Version:  v18.12.1
[debug] [2023-07-03T12:00:34.594Z] Time:          Mon Jul 03 2023 15:00:34 GMT+0300 (Israel Daylight Time)
[debug] [2023-07-03T12:00:34.595Z] ----------------------------------------------------------------------
[debug] 
[debug] [2023-07-03T12:00:34.609Z] >>> [apiv2][query] GET https://firebase-public.firebaseio.com/cli.json [none]
[debug] [2023-07-03T12:00:34.788Z] > command requires scopes: ["email","openid","https://www.googleapis.com/auth/cloudplatformprojects.readonly","https://www.googleapis.com/auth/firebase","https://www.googleapis.com/auth/cloud-platform"]
[debug] [2023-07-03T12:00:34.790Z] > authorizing via signed-in user (soliman.farag86@gmail.com)
[info] 
     ######## #### ########  ######## ########     ###     ######  ########
     ##        ##  ##     ## ##       ##     ##  ##   ##  ##       ##
     ######    ##  ########  ######   ########  #########  ######  ######
     ##        ##  ##    ##  ##       ##     ## ##     ##       ## ##
     ##       #### ##     ## ######## ########  ##     ##  ######  ########

You're about to initialize a Firebase project in this directory:

  D:\Movieshow\movieshow

[debug] [2023-07-03T12:00:35.670Z] <<< [apiv2][status] GET https://firebase-public.firebaseio.com/cli.json 200
[debug] [2023-07-03T12:00:35.672Z] <<< [apiv2][body] GET https://firebase-public.firebaseio.com/cli.json {"cloudBuildErrorAfter":1594252800000,"cloudBuildWarnAfter":1590019200000,"defaultNode10After":1594252800000,"minVersion":"3.0.5","node8DeploysDisabledAfter":1613390400000,"node8RuntimeDisabledAfter":1615809600000,"node8WarnAfter":1600128000000}
